<?xml version="1.0" encoding="UTF-8"?>
<testsuite xmlns:xsi="http://www.w3.org/2001/XMLSchema-instance" xsi:noNamespaceSchemaLocation="https://maven.apache.org/surefire/maven-surefire-plugin/xsd/surefire-test-report.xsd" version="3.0.2" name="Mango_Docker_2nd_Try.demo_2nd.Demo2ndApplicationTests" time="2.283" tests="1" errors="0" skipped="0" failures="0">
  <properties>
[...]
</properties>
  <testcase name="contextLoads" classname="Mango_Docker_2nd_Try.demo_2nd.Demo2ndApplicationTests" time="0.173">
    <system-out><![CDATA[19:21:43.403 [main] INFO org.springframework.test.context.support.AnnotationConfigContextLoaderUtils -- Could not detect default configuration classes for test class [Mango_Docker_2nd_Try.demo_2nd.Demo2ndApplicationTests]: Demo2ndApplicationTests does not declare any static, non-private, non-final, nested classes annotated with @Configuration.
19:21:43.469 [main] INFO org.springframework.boot.test.context.SpringBootTestContextBootstrapper -- Found @SpringBootConfiguration Mango_Docker_2nd_Try.demo_2nd.Demo2ndApplication for test class Mango_Docker_2nd_Try.demo_2nd.Demo2ndApplicationTests

  .   ____          _            __ _ _
 /\\ / ___'_ __ _ _(_)_ __  __ _ \ \ \ \
( ( )\___ | '_ | '_| | '_ \/ _` | \ \ \ \
 \\/  ___)| |_)| | | | | || (_| |  ) ) ) )
  '  |____| .__|_| |_|_| |_\__, | / / / /
 =========|_|==============|___/=/_/_/_/

 :: Spring Boot ::       (v4.1.0-SNAPSHOT)

2026-02-14T19:21:43.694-05:00  INFO 40416 --- [demo_2nd] [           main] M.demo_2nd.Demo2ndApplicationTests       : Starting Demo2ndApplicationTests using Java 25.0.2 with PID 40416 (started by xwilt in C:\Users\xwilt\OneDrive\Desktop\Docker_Practice\demo_2nd)
2026-02-14T19:21:43.695-05:00  INFO 40416 --- [demo_2nd] [           main] M.demo_2nd.Demo2ndApplicationTests       : No active profile set, falling back to 1 default profile: "default"
2026-02-14T19:21:44.020-05:00  INFO 40416 --- [demo_2nd] [           main] .s.d.r.c.RepositoryConfigurationDelegate : Bootstrapping Spring Data JPA repositories in DEFAULT mode.
2026-02-14T19:21:44.033-05:00  INFO 40416 --- [demo_2nd] [           main] .s.d.r.c.RepositoryConfigurationDelegate : Finished Spring Data repository scanning in 7 ms. Found 0 JPA repository interfaces.
2026-02-14T19:21:44.212-05:00  INFO 40416 --- [demo_2nd] [           main] com.zaxxer.hikari.HikariDataSource       : HikariPool-1 - Starting...
2026-02-14T19:21:44.309-05:00  INFO 40416 --- [demo_2nd] [           main] com.zaxxer.hikari.pool.HikariPool        : HikariPool-1 - Added connection conn0: url=jdbc:h2:mem:600a774b-2c53-43b1-b1a0-b31b1088f042 user=SA
2026-02-14T19:21:44.310-05:00  INFO 40416 --- [demo_2nd] [           main] com.zaxxer.hikari.HikariDataSource       : HikariPool-1 - Start completed.
2026-02-14T19:21:44.338-05:00  INFO 40416 --- [demo_2nd] [           main] org.hibernate.orm.jpa                    : HHH008540: Processing PersistenceUnitInfo [name: default]
2026-02-14T19:21:44.372-05:00  INFO 40416 --- [demo_2nd] [           main] org.hibernate.orm.core                   : HHH000001: Hibernate ORM core version 7.2.4.Final
2026-02-14T19:21:44.637-05:00  INFO 40416 --- [demo_2nd] [           main] o.s.o.j.p.SpringPersistenceUnitInfo      : No LoadTimeWeaver setup: ignoring JPA class transformer
2026-02-14T19:21:44.678-05:00  INFO 40416 --- [demo_2nd] [           main] org.hibernate.orm.connections.pooling    : HHH10001005: Database info:
	Database JDBC URL [jdbc:h2:mem:600a774b-2c53-43b1-b1a0-b31b1088f042]
	Database driver: H2 JDBC Driver
	Database dialect: H2Dialect
	Database version: 2.4.240
	Default catalog/schema: 600A774B-2C53-43B1-B1A0-B31B1088F042/PUBLIC
	Autocommit mode: undefined/unknown
	Isolation level: READ_COMMITTED [default READ_COMMITTED]
	JDBC fetch size: 100
	Pool: DataSourceConnectionProvider
	Minimum pool size: undefined/unknown
	Maximum pool size: undefined/unknown
2026-02-14T19:21:45.062-05:00  INFO 40416 --- [demo_2nd] [           main] org.hibernate.orm.core                   : HHH000489: No JTA platform available (set 'hibernate.transaction.jta.platform' to enable JTA platform integration)
2026-02-14T19:21:45.082-05:00  INFO 40416 --- [demo_2nd] [           main] j.LocalContainerEntityManagerFactoryBean : Initialized JPA EntityManagerFactory for persistence unit 'default'
2026-02-14T19:21:45.143-05:00  WARN 40416 --- [demo_2nd] [           main] JpaBaseConfiguration$JpaWebConfiguration : spring.jpa.open-in-view is enabled by default. Therefore, database queries may be performed during view rendering. Explicitly configure spring.jpa.open-in-view to disable this warning
2026-02-14T19:21:45.410-05:00  INFO 40416 --- [demo_2nd] [           main] M.demo_2nd.Demo2ndApplicationTests       : Started Demo2ndApplicationTests in 1.856 seconds (process running for 2.445)
]]></system-out>
    <system-err><![CDATA[Mockito is currently self-attaching to enable the inline-mock-maker. This will no longer work in future releases of the JDK. Please add Mockito as an agent to your build as described in Mockito's documentation: https://javadoc.io/doc/org.mockito/mockito-core/latest/org.mockito/org/mockito/Mockito.html#0.3
WARNING: A Java agent has been loaded dynamically (C:\Users\xwilt\.m2\repository\net\bytebuddy\byte-buddy-agent\1.18.4\byte-buddy-agent-1.18.4.jar)
WARNING: If a serviceability tool is in use, please run with -XX:+EnableDynamicAgentLoading to hide this warning
WARNING: If a serviceability tool is not in use, please run with -Djdk.instrument.traceUsage for more information
WARNING: Dynamic loading of agents will be disallowed by default in a future release
]]></system-err>
  </testcase>
</testsuite>